app/build/intermediates/manifest_merge_blame_file/debug/manifest-merger-blame-debug-report.txt
1<?xml version="1.0" encoding="utf-8"?>
2<manifest xmlns:android="http://schemas.android.com/apk/res/android"
3    package="com.newlondonweb.tabbedfragmentdemo"
4    android:versionCode="1"
5    android:versionName="1.0" >
6
7    <uses-sdk
8        android:minSdkVersion="21"
8-->src/main/AndroidManifest.xml
9        android:targetSdkVersion="29" />
9-->src/main/AndroidManifest.xml
10
11    <uses-permission android:name="android.permission.CAMERA" />
11-->src/main/AndroidManifest.xml:6:5-65
11-->src/main/AndroidManifest.xml:6:22-62
12    <uses-permission android:name="android.permission.ACCESS_MEDIA_LOCATION" />
12-->src/main/AndroidManifest.xml:7:5-80
12-->src/main/AndroidManifest.xml:7:22-77
13    <uses-permission android:name="android.permission.INTERNET" />
13-->src/main/AndroidManifest.xml:8:5-67
13-->src/main/AndroidManifest.xml:8:22-64
14    <uses-permission android:name="android.permission.WRITE_EXTERNAL_STORAGE" />
14-->src/main/AndroidManifest.xml:9:5-81
14-->src/main/AndroidManifest.xml:9:22-78
15    <uses-permission android:name="android.permission.READ_EXTERNAL_STORAGE" />
15-->src/main/AndroidManifest.xml:10:5-80
15-->src/main/AndroidManifest.xml:10:22-77
16    <uses-permission android:name="android.permission.ACCESS_COARSE_LOCATION" />
16-->src/main/AndroidManifest.xml:11:5-81
16-->src/main/AndroidManifest.xml:11:22-78
17    <uses-permission android:name="android.permission.ACCESS_FINE_LOCATION" />
17-->src/main/AndroidManifest.xml:12:5-79
17-->src/main/AndroidManifest.xml:12:22-76
18    <uses-permission android:name="android.permission.ACCESS_NETWORK_STATE" />
18-->src/main/AndroidManifest.xml:13:5-79
18-->src/main/AndroidManifest.xml:13:22-76
19    <uses-permission android:name="android.permission.ACCESS_WIFI_STATE" />
19-->src/main/AndroidManifest.xml:14:5-76
19-->src/main/AndroidManifest.xml:14:22-73
20
21    <uses-feature
21-->src/main/AndroidManifest.xml:61:5-63:35
22        android:name="android.hardware.camera"
22-->src/main/AndroidManifest.xml:62:9-47
23        android:required="true" />
23-->src/main/AndroidManifest.xml:63:9-32
24    <uses-feature
24-->src/main/AndroidManifest.xml:64:5-66:35
25        android:glEsVersion="0x00020000"
25-->src/main/AndroidManifest.xml:65:9-41
26        android:required="true" />
26-->src/main/AndroidManifest.xml:66:9-32
27    <!--
28     The API key for Google Maps-based APIs is defined as a string resource.
29     (See the file "res/values/google_maps_api.xml").
30     Note that the API key is linked to the encryption key used to sign the APK.
31     You need a different API key for each encryption key, including the release key that is used to
32     sign the APK for publishing.
33     You can define the keys for the debug and release targets in src/debug/ and src/release/.
34    -->
35    <application
35-->src/main/AndroidManifest.xml:26:5-59:19
36        android:allowBackup="true"
36-->src/main/AndroidManifest.xml:27:9-35
37        android:appComponentFactory="androidx.core.app.CoreComponentFactory"
37-->[androidx.core:core:1.3.0-beta01] AndroidManifest.xml:24:18-86
38        android:debuggable="true"
39        android:hardwareAccelerated="true"
39-->src/main/AndroidManifest.xml:28:9-43
40        android:icon="@mipmap/ic_launcher"
40-->src/main/AndroidManifest.xml:29:9-43
41        android:label="@string/app_name"
41-->src/main/AndroidManifest.xml:30:9-41
42        android:roundIcon="@mipmap/ic_launcher_round"
42-->src/main/AndroidManifest.xml:31:9-54
43        android:supportsRtl="true"
43-->src/main/AndroidManifest.xml:32:9-35
44        android:theme="@style/AppTheme" >
44-->src/main/AndroidManifest.xml:33:9-40
45        <provider
46            android:name="androidx.core.content.FileProvider"
46-->src/main/AndroidManifest.xml:36:13-62
47            android:authorities="com.newlondonweb.tabbedfragmentdemo.fileprovider"
47-->src/main/AndroidManifest.xml:37:13-64
48            android:exported="false"
48-->src/main/AndroidManifest.xml:38:13-37
49            android:grantUriPermissions="true" >
49-->src/main/AndroidManifest.xml:39:13-47
50            <meta-data
50-->src/main/AndroidManifest.xml:40:13-42:54
51                android:name="android.support.FILE_PROVIDER_PATHS"
51-->src/main/AndroidManifest.xml:41:17-67
52                android:resource="@xml/file_paths" />
52-->src/main/AndroidManifest.xml:42:17-51
53        </provider>
54
55        <meta-data
55-->src/main/AndroidManifest.xml:45:9-47:55
56            android:name="com.google.android.geo.API_KEY"
56-->src/main/AndroidManifest.xml:46:13-58
57            android:value="@string/google_maps_key" />
57-->src/main/AndroidManifest.xml:47:13-52
58
59        <activity
59-->src/main/AndroidManifest.xml:49:9-58:20
60            android:name="com.newlondonweb.tabbedfragmentdemo.MainActivity"
60-->src/main/AndroidManifest.xml:50:13-41
61            android:label="@string/app_name"
61-->src/main/AndroidManifest.xml:51:13-45
62            android:theme="@style/AppTheme.NoActionBar" >
62-->src/main/AndroidManifest.xml:52:13-56
63            <intent-filter>
63-->src/main/AndroidManifest.xml:53:13-57:29
64                <action android:name="android.intent.action.MAIN" />
64-->src/main/AndroidManifest.xml:54:17-69
64-->src/main/AndroidManifest.xml:54:25-66
65
66                <category android:name="android.intent.category.LAUNCHER" />
66-->src/main/AndroidManifest.xml:56:17-77
66-->src/main/AndroidManifest.xml:56:27-74
67            </intent-filter>
68        </activity>
69        <!-- Needs to be explicitly declared on P+ -->
70        <uses-library
70-->[com.google.android.gms:play-services-maps:17.0.0] AndroidManifest.xml:33:9-35:40
71            android:name="org.apache.http.legacy"
71-->[com.google.android.gms:play-services-maps:17.0.0] AndroidManifest.xml:34:13-50
72            android:required="false" />
72-->[com.google.android.gms:play-services-maps:17.0.0] AndroidManifest.xml:35:13-37
73
74        <activity
74-->[com.google.android.gms:play-services-base:17.0.0] AndroidManifest.xml:23:9-26:75
75            android:name="com.google.android.gms.common.api.GoogleApiActivity"
75-->[com.google.android.gms:play-services-base:17.0.0] AndroidManifest.xml:24:13-79
76            android:exported="false"
76-->[com.google.android.gms:play-services-base:17.0.0] AndroidManifest.xml:25:13-37
77            android:theme="@android:style/Theme.Translucent.NoTitleBar" />
77-->[com.google.android.gms:play-services-base:17.0.0] AndroidManifest.xml:26:13-72
78
79        <meta-data
79-->[com.google.android.gms:play-services-basement:17.0.0] AndroidManifest.xml:23:9-25:69
80            android:name="com.google.android.gms.version"
80-->[com.google.android.gms:play-services-basement:17.0.0] AndroidManifest.xml:24:13-58
81            android:value="@integer/google_play_services_version" />
81-->[com.google.android.gms:play-services-basement:17.0.0] AndroidManifest.xml:25:13-66
82
83        <service
83-->[androidx.room:room-runtime:2.2.5] AndroidManifest.xml:25:9-28:40
84            android:name="androidx.room.MultiInstanceInvalidationService"
84-->[androidx.room:room-runtime:2.2.5] AndroidManifest.xml:26:13-74
85            android:directBootAware="true"
85-->[androidx.room:room-runtime:2.2.5] AndroidManifest.xml:27:13-43
86            android:exported="false" />
86-->[androidx.room:room-runtime:2.2.5] AndroidManifest.xml:28:13-37
87
88        <provider
88-->[androidx.lifecycle:lifecycle-process:2.2.0] AndroidManifest.xml:25:9-29:43
89            android:name="androidx.lifecycle.ProcessLifecycleOwnerInitializer"
89-->[androidx.lifecycle:lifecycle-process:2.2.0] AndroidManifest.xml:26:13-79
90            android:authorities="com.newlondonweb.tabbedfragmentdemo.lifecycle-process"
90-->[androidx.lifecycle:lifecycle-process:2.2.0] AndroidManifest.xml:27:13-69
91            android:exported="false"
91-->[androidx.lifecycle:lifecycle-process:2.2.0] AndroidManifest.xml:28:13-37
92            android:multiprocess="true" />
92-->[androidx.lifecycle:lifecycle-process:2.2.0] AndroidManifest.xml:29:13-40
93    </application>
94
95</manifest>